{"synthetic": false,
 "schemaVersion": "2025-09-10",
 "outputs":
 {"o": ["1616dd6f841cda55.olean"],
  "i": "9188c60585798cdb.ilean",
  "c": "c4a8cd68e1eeb8e6.c"},
 "log":
 [{"message":
   ".> LEAN_PATH=/Users/tomas/code/pufs/formal/.lake/build/lib/lean /Users/tomas/.elan/toolchains/leanprover--lean4---v4.28.0/bin/lean /Users/tomas/code/pufs/formal/Autopuf/Bridge.lean -o /Users/tomas/code/pufs/formal/.lake/build/lib/lean/Autopuf/Bridge.olean -i /Users/tomas/code/pufs/formal/.lake/build/lib/lean/Autopuf/Bridge.ilean -c /Users/tomas/code/pufs/formal/.lake/build/ir/Autopuf/Bridge.c --setup /Users/tomas/code/pufs/formal/.lake/build/ir/Autopuf/Bridge.setup.json --json",
   "level": "trace"}],
 "inputs":
 [["Autopuf.Bridge:deps",
   [["deps",
     [["autopuf/Autopuf:extraDep", [["@autopuf:extraDep", "00000000000006bb"]]],
      ["imports",
       [["Autopuf.Claims transitive imports (legacy)", "43b9a7316b146fd1"],
        ["Autopuf.Claims:importAllArts", "1ec208c92b53fd49"]]]]],
    ["libs",
     [["import dynlibs", "00000000000006bb"],
      ["package external libraries", "00000000000006bb"],
      ["module dynlibs", "00000000000006bb"],
      ["module plugins", "00000000000006bb"]]]]],
  ["Lean 4.28.0, commit 7e01a1bf5c70fc6167d49c345d3bf80596e9a79b",
   "a96bc04a2e5e9630"],
  ["/Users/tomas/code/pufs/formal/Autopuf/Bridge.lean", "ceea4504f9c5085e"],
  ["options", "00000000000006bb"],
  ["Module.leanArgs: #[]", "00000000000006bb"]],
 "depHash": "2a3aee682d3a1b5d"}