{"synthetic": false,
 "schemaVersion": "2025-09-10",
 "outputs":
 {"o": ["0ef9bf63142fd74d.olean"],
  "i": "42f0e677bb9e7d31.ilean",
  "c": "1a3091474454006b.c"},
 "log":
 [{"message":
   ".> LEAN_PATH=/Users/tomas/code/pufs/formal/.lake/build/lib/lean /Users/tomas/.elan/toolchains/leanprover--lean4---v4.28.0/bin/lean /Users/tomas/code/pufs/formal/Autopuf/Games.lean -o /Users/tomas/code/pufs/formal/.lake/build/lib/lean/Autopuf/Games.olean -i /Users/tomas/code/pufs/formal/.lake/build/lib/lean/Autopuf/Games.ilean -c /Users/tomas/code/pufs/formal/.lake/build/ir/Autopuf/Games.c --setup /Users/tomas/code/pufs/formal/.lake/build/ir/Autopuf/Games.setup.json --json",
   "level": "trace"}],
 "inputs":
 [["Autopuf.Games:deps",
   [["deps",
     [["autopuf/Autopuf:extraDep", [["@autopuf:extraDep", "00000000000006bb"]]],
      ["imports",
       [["Autopuf.Model transitive imports (legacy)", "00000000000006bb"],
        ["Autopuf.Model:importAllArts", "df8ca943382b66af"]]]]],
    ["libs",
     [["import dynlibs", "00000000000006bb"],
      ["package external libraries", "00000000000006bb"],
      ["module dynlibs", "00000000000006bb"],
      ["module plugins", "00000000000006bb"]]]]],
  ["Lean 4.28.0, commit 7e01a1bf5c70fc6167d49c345d3bf80596e9a79b",
   "a96bc04a2e5e9630"],
  ["/Users/tomas/code/pufs/formal/Autopuf/Games.lean", "0c4135212adcca0c"],
  ["options", "00000000000006bb"],
  ["Module.leanArgs: #[]", "00000000000006bb"]],
 "depHash": "c9d7101325284d96"}