{"synthetic": false,
 "schemaVersion": "2025-09-10",
 "outputs":
 {"o": ["53f92f7da5e29ee3.olean"],
  "i": "18730a3b5e9bb2a1.ilean",
  "c": "5c1d21371033e8dc.c"},
 "log":
 [{"message":
   ".> LEAN_PATH=/Users/tomas/code/pufs/formal/.lake/build/lib/lean /Users/tomas/.elan/toolchains/leanprover--lean4---v4.28.0/bin/lean /Users/tomas/code/pufs/formal/Autopuf/Model.lean -o /Users/tomas/code/pufs/formal/.lake/build/lib/lean/Autopuf/Model.olean -i /Users/tomas/code/pufs/formal/.lake/build/lib/lean/Autopuf/Model.ilean -c /Users/tomas/code/pufs/formal/.lake/build/ir/Autopuf/Model.c --setup /Users/tomas/code/pufs/formal/.lake/build/ir/Autopuf/Model.setup.json --json",
   "level": "trace"}],
 "inputs":
 [["Autopuf.Model:deps",
   [["deps",
     [["autopuf/Autopuf:extraDep", [["@autopuf:extraDep", "00000000000006bb"]]],
      ["imports", "00000000000006bb"]]],
    ["libs",
     [["import dynlibs", "00000000000006bb"],
      ["package external libraries", "00000000000006bb"],
      ["module dynlibs", "00000000000006bb"],
      ["module plugins", "00000000000006bb"]]]]],
  ["Lean 4.28.0, commit 7e01a1bf5c70fc6167d49c345d3bf80596e9a79b",
   "a96bc04a2e5e9630"],
  ["/Users/tomas/code/pufs/formal/Autopuf/Model.lean", "a52d7743cdf9f8cf"],
  ["options", "00000000000006bb"],
  ["Module.leanArgs: #[]", "00000000000006bb"]],
 "depHash": "9a35f9fabb890089"}