{"synthetic": false,
 "schemaVersion": "2025-09-10",
 "outputs":
 {"o": ["9013eb6f9e3b8a7e.olean"],
  "i": "af255e39b5844c67.ilean",
  "c": "abbbe7ebbcdaf5aa.c"},
 "log":
 [{"message":
   ".> LEAN_PATH=/Users/tomas/code/pufs/formal/.lake/build/lib/lean /Users/tomas/.elan/toolchains/leanprover--lean4---v4.28.0/bin/lean /Users/tomas/code/pufs/formal/Autopuf.lean -o /Users/tomas/code/pufs/formal/.lake/build/lib/lean/Autopuf.olean -i /Users/tomas/code/pufs/formal/.lake/build/lib/lean/Autopuf.ilean -c /Users/tomas/code/pufs/formal/.lake/build/ir/Autopuf.c --setup /Users/tomas/code/pufs/formal/.lake/build/ir/Autopuf.setup.json --json",
   "level": "trace"}],
 "inputs":
 [["Autopuf:deps",
   [["deps",
     [["autopuf/Autopuf:extraDep", [["@autopuf:extraDep", "00000000000006bb"]]],
      ["imports",
       [["Autopuf.Model transitive imports (legacy)", "00000000000006bb"],
        ["Autopuf.Model:importAllArts", "df8ca943382b66af"],
        ["Autopuf.Games transitive imports (legacy)", "d9370c6290ceaf72"],
        ["Autopuf.Games:importAllArts", "dbb89c6de43d8994"],
        ["Autopuf.Claims transitive imports (legacy)", "43b9a7316b146fd1"],
        ["Autopuf.Claims:importAllArts", "1ec208c92b53fd49"],
        ["Autopuf.Bridge transitive imports (legacy)", "d690a39b9f0cabc3"],
        ["Autopuf.Bridge:importAllArts", "b74ccc10a88e0351"]]]]],
    ["libs",
     [["import dynlibs", "00000000000006bb"],
      ["package external libraries", "00000000000006bb"],
      ["module dynlibs", "00000000000006bb"],
      ["module plugins", "00000000000006bb"]]]]],
  ["Lean 4.28.0, commit 7e01a1bf5c70fc6167d49c345d3bf80596e9a79b",
   "a96bc04a2e5e9630"],
  ["/Users/tomas/code/pufs/formal/Autopuf.lean", "bf6e9999de660981"],
  ["options", "00000000000006bb"],
  ["Module.leanArgs: #[]", "00000000000006bb"]],
 "depHash": "9abd0a56130aed72"}